This file contains any messages produced by compilers while
running configure, to aid debugging if configure makes a mistake.

It was created by mahimahi configure 0.98, which was
generated by GNU Autoconf 2.69.  Invocation command line was

  $ ./configure --prefix=/home/usama/github/mahimahi-mod/temp-ins

## --------- ##
## Platform. ##
## --------- ##

hostname = ubuntu
uname -m = x86_64
uname -r = 4.4.0-121-generic
uname -s = Linux
uname -v = #145-Ubuntu SMP Fri Apr 13 13:47:23 UTC 2018

/usr/bin/uname -p = unknown
/bin/uname -X     = unknown

/bin/arch              = unknown
/usr/bin/arch -k       = unknown
/usr/convex/getsysinfo = unknown
/usr/bin/hostinfo      = unknown
/bin/machine           = unknown
/usr/bin/oslevel       = unknown
/bin/universe          = unknown

PATH: /home/usama/bin
PATH: /home/usama/.local/bin
PATH: /usr/local/sbin
PATH: /usr/local/bin
PATH: /usr/sbin
PATH: /usr/bin
PATH: /sbin
PATH: /bin
PATH: /usr/games
PATH: /usr/local/games
PATH: /snap/bin


## ----------- ##
## Core tests. ##
## ----------- ##

configure:2587: checking for a BSD-compatible install
configure:2655: result: /usr/bin/install -c
configure:2666: checking whether build environment is sane
configure:2721: result: yes
configure:2872: checking for a thread-safe mkdir -p
configure:2911: result: /bin/mkdir -p
configure:2918: checking for gawk
configure:2948: result: no
configure:2918: checking for mawk
configure:2934: found /usr/bin/mawk
configure:2945: result: mawk
configure:2956: checking whether make sets $(MAKE)
configure:2978: result: yes
configure:3007: checking whether make supports nested variables
configure:3024: result: yes
configure:3183: checking build system type
configure:3197: result: x86_64-pc-linux-gnu
configure:3217: checking host system type
configure:3230: result: x86_64-pc-linux-gnu
configure:3271: checking how to print strings
configure:3298: result: printf
configure:3331: checking for style of include used by make
configure:3359: result: GNU
configure:3430: checking for gcc
configure:3446: found /usr/bin/gcc
configure:3457: result: gcc
configure:3686: checking for C compiler version
configure:3695: gcc --version >&5
gcc (Ubuntu 5.4.0-6ubuntu1~16.04.9) 5.4.0 20160609
Copyright (C) 2015 Free Software Foundation, Inc.
This is free software; see the source for copying conditions.  There is NO
warranty; not even for MERCHANTABILITY or FITNESS FOR A PARTICULAR PURPOSE.

configure:3706: $? = 0
configure:3695: gcc -v >&5
Using built-in specs.
COLLECT_GCC=gcc
COLLECT_LTO_WRAPPER=/usr/lib/gcc/x86_64-linux-gnu/5/lto-wrapper
Target: x86_64-linux-gnu
Configured with: ../src/configure -v --with-pkgversion='Ubuntu 5.4.0-6ubuntu1~16.04.9' --with-bugurl=file:///usr/share/doc/gcc-5/README.Bugs --enable-languages=c,ada,c++,java,go,d,fortran,objc,obj-c++ --prefix=/usr --program-suffix=-5 --enable-shared --enable-linker-build-id --libexecdir=/usr/lib --without-included-gettext --enable-threads=posix --libdir=/usr/lib --enable-nls --with-sysroot=/ --enable-clocale=gnu --enable-libstdcxx-debug --enable-libstdcxx-time=yes --with-default-libstdcxx-abi=new --enable-gnu-unique-object --disable-vtable-verify --enable-libmpx --enable-plugin --with-system-zlib --disable-browser-plugin --enable-java-awt=gtk --enable-gtk-cairo --with-java-home=/usr/lib/jvm/java-1.5.0-gcj-5-amd64/jre --enable-java-home --with-jvm-root-dir=/usr/lib/jvm/java-1.5.0-gcj-5-amd64 --with-jvm-jar-dir=/usr/lib/jvm-exports/java-1.5.0-gcj-5-amd64 --with-arch-directory=amd64 --with-ecj-jar=/usr/share/java/eclipse-ecj.jar --enable-objc-gc --enable-multiarch --disable-werror --with-arch-32=i686 --with-abi=m64 --with-multilib-list=m32,m64,mx32 --enable-multilib --with-tune=generic --enable-checking=release --build=x86_64-linux-gnu --host=x86_64-linux-gnu --target=x86_64-linux-gnu
Thread model: posix
gcc version 5.4.0 20160609 (Ubuntu 5.4.0-6ubuntu1~16.04.9) 
configure:3706: $? = 0
configure:3695: gcc -V >&5
gcc: error: unrecognized command line option '-V'
gcc: fatal error: no input files
compilation terminated.
configure:3706: $? = 1
configure:3695: gcc -qversion >&5
gcc: error: unrecognized command line option '-qversion'
gcc: fatal error: no input files
compilation terminated.
configure:3706: $? = 1
configure:3726: checking whether the C compiler works
configure:3748: gcc    conftest.c  >&5
configure:3752: $? = 0
configure:3800: result: yes
configure:3803: checking for C compiler default output file name
configure:3805: result: a.out
configure:3811: checking for suffix of executables
configure:3818: gcc -o conftest    conftest.c  >&5
configure:3822: $? = 0
configure:3844: result: 
configure:3866: checking whether we are cross compiling
configure:3874: gcc -o conftest    conftest.c  >&5
configure:3878: $? = 0
configure:3885: ./conftest
configure:3889: $? = 0
configure:3904: result: no
configure:3909: checking for suffix of object files
configure:3931: gcc -c   conftest.c >&5
configure:3935: $? = 0
configure:3956: result: o
configure:3960: checking whether we are using the GNU C compiler
configure:3979: gcc -c   conftest.c >&5
configure:3979: $? = 0
configure:3988: result: yes
configure:3997: checking whether gcc accepts -g
configure:4017: gcc -c -g  conftest.c >&5
configure:4017: $? = 0
configure:4058: result: yes
configure:4075: checking for gcc option to accept ISO C89
configure:4138: gcc  -c -g -O2  conftest.c >&5
configure:4138: $? = 0
configure:4151: result: none needed
configure:4176: checking whether gcc understands -c and -o together
configure:4198: gcc -c conftest.c -o conftest2.o
configure:4201: $? = 0
configure:4198: gcc -c conftest.c -o conftest2.o
configure:4201: $? = 0
configure:4213: result: yes
configure:4232: checking dependency style of gcc
configure:4343: result: gcc3
configure:4358: checking for a sed that does not truncate output
configure:4422: result: /bin/sed
configure:4440: checking for grep that handles long lines and -e
configure:4498: result: /bin/grep
configure:4503: checking for egrep
configure:4565: result: /bin/grep -E
configure:4570: checking for fgrep
configure:4632: result: /bin/grep -F
configure:4667: checking for ld used by gcc
configure:4734: result: /usr/bin/ld
configure:4741: checking if the linker (/usr/bin/ld) is GNU ld
configure:4756: result: yes
configure:4768: checking for BSD- or MS-compatible name lister (nm)
configure:4822: result: /usr/bin/nm -B
configure:4952: checking the name lister (/usr/bin/nm -B) interface
configure:4959: gcc -c -g -O2  conftest.c >&5
configure:4962: /usr/bin/nm -B "conftest.o"
configure:4965: output
0000000000000000 B some_variable
configure:4972: result: BSD nm
configure:4975: checking whether ln -s works
configure:4979: result: yes
configure:4987: checking the maximum length of command line arguments
configure:5118: result: 1572864
configure:5166: checking how to convert x86_64-pc-linux-gnu file names to x86_64-pc-linux-gnu format
configure:5206: result: func_convert_file_noop
configure:5213: checking how to convert x86_64-pc-linux-gnu file names to toolchain format
configure:5233: result: func_convert_file_noop
configure:5240: checking for /usr/bin/ld option to reload object files
configure:5247: result: -r
configure:5321: checking for objdump
configure:5337: found /usr/bin/objdump
configure:5348: result: objdump
configure:5380: checking how to recognize dependent libraries
configure:5580: result: pass_all
configure:5665: checking for dlltool
configure:5695: result: no
configure:5725: checking how to associate runtime and link libraries
configure:5752: result: printf %s\n
configure:5813: checking for ar
configure:5829: found /usr/bin/ar
configure:5840: result: ar
configure:5877: checking for archiver @FILE support
configure:5894: gcc -c -g -O2  conftest.c >&5
configure:5894: $? = 0
configure:5897: ar cru libconftest.a @conftest.lst >&5
ar: `u' modifier ignored since `D' is the default (see `U')
configure:5900: $? = 0
configure:5905: ar cru libconftest.a @conftest.lst >&5
ar: `u' modifier ignored since `D' is the default (see `U')
ar: conftest.o: No such file or directory
configure:5908: $? = 1
configure:5920: result: @
configure:5978: checking for strip
configure:5994: found /usr/bin/strip
configure:6005: result: strip
configure:6077: checking for ranlib
configure:6093: found /usr/bin/ranlib
configure:6104: result: ranlib
configure:6206: checking command to parse /usr/bin/nm -B output from gcc object
configure:6359: gcc -c -g -O2  conftest.c >&5
configure:6362: $? = 0
configure:6366: /usr/bin/nm -B conftest.o \| sed -n -e 's/^.*[ ]\([ABCDGIRSTW][ABCDGIRSTW]*\)[ ][ ]*\([_A-Za-z][_A-Za-z0-9]*\)$/\1 \2 \2/p' | sed '/ __gnu_lto/d' \> conftest.nm
configure:6369: $? = 0
configure:6435: gcc -o conftest -g -O2   conftest.c conftstm.o >&5
configure:6438: $? = 0
configure:6476: result: ok
configure:6523: checking for sysroot
configure:6553: result: no
configure:6560: checking for a working dd
configure:6598: result: /bin/dd
configure:6602: checking how to truncate binary pipes
configure:6617: result: /bin/dd bs=4096 count=1
configure:6753: gcc -c -g -O2  conftest.c >&5
configure:6756: $? = 0
configure:6946: checking for mt
configure:6962: found /bin/mt
configure:6973: result: mt
configure:6996: checking if mt is a manifest tool
configure:7002: mt '-?'
configure:7010: result: no
configure:7687: checking how to run the C preprocessor
configure:7718: gcc -E  conftest.c
configure:7718: $? = 0
configure:7732: gcc -E  conftest.c
conftest.c:11:28: fatal error: ac_nonexistent.h: No such file or directory
compilation terminated.
configure:7732: $? = 1
configure: failed program was:
| /* confdefs.h */
| #define PACKAGE_NAME "mahimahi"
| #define PACKAGE_TARNAME "mahimahi"
| #define PACKAGE_VERSION "0.98"
| #define PACKAGE_STRING "mahimahi 0.98"
| #define PACKAGE_BUGREPORT "mahimahi@mit.edu"
| #define PACKAGE_URL ""
| #define PACKAGE "mahimahi"
| #define VERSION "0.98"
| /* end confdefs.h.  */
| #include <ac_nonexistent.h>
configure:7757: result: gcc -E
configure:7777: gcc -E  conftest.c
configure:7777: $? = 0
configure:7791: gcc -E  conftest.c
conftest.c:11:28: fatal error: ac_nonexistent.h: No such file or directory
compilation terminated.
configure:7791: $? = 1
configure: failed program was:
| /* confdefs.h */
| #define PACKAGE_NAME "mahimahi"
| #define PACKAGE_TARNAME "mahimahi"
| #define PACKAGE_VERSION "0.98"
| #define PACKAGE_STRING "mahimahi 0.98"
| #define PACKAGE_BUGREPORT "mahimahi@mit.edu"
| #define PACKAGE_URL ""
| #define PACKAGE "mahimahi"
| #define VERSION "0.98"
| /* end confdefs.h.  */
| #include <ac_nonexistent.h>
configure:7820: checking for ANSI C header files
configure:7840: gcc -c -g -O2  conftest.c >&5
configure:7840: $? = 0
configure:7913: gcc -o conftest -g -O2   conftest.c  >&5
configure:7913: $? = 0
configure:7913: ./conftest
configure:7913: $? = 0
configure:7924: result: yes
configure:7937: checking for sys/types.h
configure:7937: gcc -c -g -O2  conftest.c >&5
configure:7937: $? = 0
configure:7937: result: yes
configure:7937: checking for sys/stat.h
configure:7937: gcc -c -g -O2  conftest.c >&5
configure:7937: $? = 0
configure:7937: result: yes
configure:7937: checking for stdlib.h
configure:7937: gcc -c -g -O2  conftest.c >&5
configure:7937: $? = 0
configure:7937: result: yes
configure:7937: checking for string.h
configure:7937: gcc -c -g -O2  conftest.c >&5
configure:7937: $? = 0
configure:7937: result: yes
configure:7937: checking for memory.h
configure:7937: gcc -c -g -O2  conftest.c >&5
configure:7937: $? = 0
configure:7937: result: yes
configure:7937: checking for strings.h
configure:7937: gcc -c -g -O2  conftest.c >&5
configure:7937: $? = 0
configure:7937: result: yes
configure:7937: checking for inttypes.h
configure:7937: gcc -c -g -O2  conftest.c >&5
configure:7937: $? = 0
configure:7937: result: yes
configure:7937: checking for stdint.h
configure:7937: gcc -c -g -O2  conftest.c >&5
configure:7937: $? = 0
configure:7937: result: yes
configure:7937: checking for unistd.h
configure:7937: gcc -c -g -O2  conftest.c >&5
configure:7937: $? = 0
configure:7937: result: yes
configure:7951: checking for dlfcn.h
configure:7951: gcc -c -g -O2  conftest.c >&5
configure:7951: $? = 0
configure:7951: result: yes
configure:8207: checking for objdir
configure:8222: result: .libs
configure:8486: checking if gcc supports -fno-rtti -fno-exceptions
configure:8504: gcc -c -g -O2  -fno-rtti -fno-exceptions conftest.c >&5
cc1: warning: command line option '-fno-rtti' is valid for C++/ObjC++ but not for C
configure:8508: $? = 0
configure:8521: result: no
configure:8879: checking for gcc option to produce PIC
configure:8886: result: -fPIC -DPIC
configure:8894: checking if gcc PIC flag -fPIC -DPIC works
configure:8912: gcc -c -g -O2  -fPIC -DPIC -DPIC conftest.c >&5
configure:8916: $? = 0
configure:8929: result: yes
configure:8958: checking if gcc static flag -static works
configure:8986: result: yes
configure:9001: checking if gcc supports -c -o file.o
configure:9022: gcc -c -g -O2  -o out/conftest2.o conftest.c >&5
configure:9026: $? = 0
configure:9048: result: yes
configure:9056: checking if gcc supports -c -o file.o
configure:9103: result: yes
configure:9136: checking whether the gcc linker (/usr/bin/ld -m elf_x86_64) supports shared libraries
configure:10399: result: yes
configure:10436: checking whether -lc should be explicitly linked in
configure:10444: gcc -c -g -O2  conftest.c >&5
configure:10447: $? = 0
configure:10462: gcc -shared  -fPIC -DPIC conftest.o  -v -Wl,-soname -Wl,conftest -o conftest 2\>\&1 \| /bin/grep  -lc  \>/dev/null 2\>\&1
configure:10465: $? = 0
configure:10479: result: no
configure:10639: checking dynamic linker characteristics
configure:11220: gcc -o conftest -g -O2   -Wl,-rpath -Wl,/foo conftest.c  >&5
configure:11220: $? = 0
configure:11469: result: GNU/Linux ld.so
configure:11591: checking how to hardcode library paths into programs
configure:11616: result: immediate
configure:12164: checking whether stripping libraries is possible
configure:12169: result: yes
configure:12204: checking if libtool supports shared libraries
configure:12206: result: yes
configure:12209: checking whether to build shared libraries
configure:12234: result: yes
configure:12237: checking whether to build static libraries
configure:12241: result: yes
configure:12345: checking for g++
configure:12361: found /usr/bin/g++
configure:12372: result: g++
configure:12399: checking for C++ compiler version
configure:12408: g++ --version >&5
g++ (Ubuntu 5.4.0-6ubuntu1~16.04.9) 5.4.0 20160609
Copyright (C) 2015 Free Software Foundation, Inc.
This is free software; see the source for copying conditions.  There is NO
warranty; not even for MERCHANTABILITY or FITNESS FOR A PARTICULAR PURPOSE.

configure:12419: $? = 0
configure:12408: g++ -v >&5
Using built-in specs.
COLLECT_GCC=g++
COLLECT_LTO_WRAPPER=/usr/lib/gcc/x86_64-linux-gnu/5/lto-wrapper
Target: x86_64-linux-gnu
Configured with: ../src/configure -v --with-pkgversion='Ubuntu 5.4.0-6ubuntu1~16.04.9' --with-bugurl=file:///usr/share/doc/gcc-5/README.Bugs --enable-languages=c,ada,c++,java,go,d,fortran,objc,obj-c++ --prefix=/usr --program-suffix=-5 --enable-shared --enable-linker-build-id --libexecdir=/usr/lib --without-included-gettext --enable-threads=posix --libdir=/usr/lib --enable-nls --with-sysroot=/ --enable-clocale=gnu --enable-libstdcxx-debug --enable-libstdcxx-time=yes --with-default-libstdcxx-abi=new --enable-gnu-unique-object --disable-vtable-verify --enable-libmpx --enable-plugin --with-system-zlib --disable-browser-plugin --enable-java-awt=gtk --enable-gtk-cairo --with-java-home=/usr/lib/jvm/java-1.5.0-gcj-5-amd64/jre --enable-java-home --with-jvm-root-dir=/usr/lib/jvm/java-1.5.0-gcj-5-amd64 --with-jvm-jar-dir=/usr/lib/jvm-exports/java-1.5.0-gcj-5-amd64 --with-arch-directory=amd64 --with-ecj-jar=/usr/share/java/eclipse-ecj.jar --enable-objc-gc --enable-multiarch --disable-werror --with-arch-32=i686 --with-abi=m64 --with-multilib-list=m32,m64,mx32 --enable-multilib --with-tune=generic --enable-checking=release --build=x86_64-linux-gnu --host=x86_64-linux-gnu --target=x86_64-linux-gnu
Thread model: posix
gcc version 5.4.0 20160609 (Ubuntu 5.4.0-6ubuntu1~16.04.9) 
configure:12419: $? = 0
configure:12408: g++ -V >&5
g++: error: unrecognized command line option '-V'
g++: fatal error: no input files
compilation terminated.
configure:12419: $? = 1
configure:12408: g++ -qversion >&5
g++: error: unrecognized command line option '-qversion'
g++: fatal error: no input files
compilation terminated.
configure:12419: $? = 1
configure:12423: checking whether we are using the GNU C++ compiler
configure:12442: g++ -c   conftest.cpp >&5
configure:12442: $? = 0
configure:12451: result: yes
configure:12460: checking whether g++ accepts -g
configure:12480: g++ -c -g  conftest.cpp >&5
configure:12480: $? = 0
configure:12521: result: yes
configure:12546: checking dependency style of g++
configure:12657: result: gcc3
configure:12690: checking how to run the C++ preprocessor
configure:12717: g++ -E  conftest.cpp
configure:12717: $? = 0
configure:12731: g++ -E  conftest.cpp
conftest.cpp:23:28: fatal error: ac_nonexistent.h: No such file or directory
compilation terminated.
configure:12731: $? = 1
configure: failed program was:
| /* confdefs.h */
| #define PACKAGE_NAME "mahimahi"
| #define PACKAGE_TARNAME "mahimahi"
| #define PACKAGE_VERSION "0.98"
| #define PACKAGE_STRING "mahimahi 0.98"
| #define PACKAGE_BUGREPORT "mahimahi@mit.edu"
| #define PACKAGE_URL ""
| #define PACKAGE "mahimahi"
| #define VERSION "0.98"
| #define STDC_HEADERS 1
| #define HAVE_SYS_TYPES_H 1
| #define HAVE_SYS_STAT_H 1
| #define HAVE_STDLIB_H 1
| #define HAVE_STRING_H 1
| #define HAVE_MEMORY_H 1
| #define HAVE_STRINGS_H 1
| #define HAVE_INTTYPES_H 1
| #define HAVE_STDINT_H 1
| #define HAVE_UNISTD_H 1
| #define HAVE_DLFCN_H 1
| #define LT_OBJDIR ".libs/"
| /* end confdefs.h.  */
| #include <ac_nonexistent.h>
configure:12756: result: g++ -E
configure:12776: g++ -E  conftest.cpp
configure:12776: $? = 0
configure:12790: g++ -E  conftest.cpp
conftest.cpp:23:28: fatal error: ac_nonexistent.h: No such file or directory
compilation terminated.
configure:12790: $? = 1
configure: failed program was:
| /* confdefs.h */
| #define PACKAGE_NAME "mahimahi"
| #define PACKAGE_TARNAME "mahimahi"
| #define PACKAGE_VERSION "0.98"
| #define PACKAGE_STRING "mahimahi 0.98"
| #define PACKAGE_BUGREPORT "mahimahi@mit.edu"
| #define PACKAGE_URL ""
| #define PACKAGE "mahimahi"
| #define VERSION "0.98"
| #define STDC_HEADERS 1
| #define HAVE_SYS_TYPES_H 1
| #define HAVE_SYS_STAT_H 1
| #define HAVE_STDLIB_H 1
| #define HAVE_STRING_H 1
| #define HAVE_MEMORY_H 1
| #define HAVE_STRINGS_H 1
| #define HAVE_INTTYPES_H 1
| #define HAVE_STDINT_H 1
| #define HAVE_UNISTD_H 1
| #define HAVE_DLFCN_H 1
| #define LT_OBJDIR ".libs/"
| /* end confdefs.h.  */
| #include <ac_nonexistent.h>
configure:12952: checking for ld used by g++
configure:13019: result: /usr/bin/ld -m elf_x86_64
configure:13026: checking if the linker (/usr/bin/ld -m elf_x86_64) is GNU ld
configure:13041: result: yes
configure:13096: checking whether the g++ linker (/usr/bin/ld -m elf_x86_64) supports shared libraries
configure:14169: result: yes
configure:14205: g++ -c -g -O2  conftest.cpp >&5
configure:14208: $? = 0
configure:14689: checking for g++ option to produce PIC
configure:14696: result: -fPIC -DPIC
configure:14704: checking if g++ PIC flag -fPIC -DPIC works
configure:14722: g++ -c -g -O2  -fPIC -DPIC -DPIC conftest.cpp >&5
configure:14726: $? = 0
configure:14739: result: yes
configure:14762: checking if g++ static flag -static works
configure:14790: result: yes
configure:14802: checking if g++ supports -c -o file.o
configure:14823: g++ -c -g -O2  -o out/conftest2.o conftest.cpp >&5
configure:14827: $? = 0
configure:14849: result: yes
configure:14854: checking if g++ supports -c -o file.o
configure:14901: result: yes
configure:14931: checking whether the g++ linker (/usr/bin/ld -m elf_x86_64) supports shared libraries
configure:14974: result: yes
configure:15115: checking dynamic linker characteristics
configure:15872: result: GNU/Linux ld.so
configure:15937: checking how to hardcode library paths into programs
configure:15962: result: immediate
configure:16006: checking for iptables
configure:16024: found /sbin/iptables
configure:16037: result: /sbin/iptables
configure:16057: checking for ip
configure:16075: found /sbin/ip
configure:16088: result: /sbin/ip
configure:16110: checking for apache2
configure:16128: found /usr/sbin/apache2
configure:16140: result: /usr/sbin/apache2
configure:16164: checking for dnsmasq
configure:16182: found /usr/sbin/dnsmasq
configure:16195: result: /usr/sbin/dnsmasq
configure:16214: checking for protoc
configure:16232: found /usr/bin/protoc
configure:16244: result: /usr/bin/protoc
configure:16258: checking for apxs
configure:16276: found /usr/bin/apxs
configure:16288: result: /usr/bin/apxs
configure:16308: checking for /usr/lib/apache2/modules/mod_mpm_prefork.so
configure:16322: result: yes
configure:16336: checking for /usr/lib/apache2/modules/mod_authz_core.so
configure:16350: result: yes
configure:16364: checking for /usr/lib/apache2/modules/mod_ssl.so
configure:16378: result: yes
configure:16392: checking for /etc/ssl/certs/ssl-cert-snakeoil.pem
configure:16405: result: yes
configure:16497: checking for pkg-config
configure:16515: found /usr/bin/pkg-config
configure:16527: result: /usr/bin/pkg-config
configure:16552: checking pkg-config is at least version 0.9.0
configure:16555: result: yes
configure:16565: checking for protobuf
configure:16572: $PKG_CONFIG --exists --print-errors "protobuf"
configure:16575: $? = 0
configure:16589: $PKG_CONFIG --exists --print-errors "protobuf"
configure:16592: $? = 0
configure:16650: result: yes
configure:16656: checking for libssl
configure:16663: $PKG_CONFIG --exists --print-errors "libcrypto libssl"
configure:16666: $? = 0
configure:16680: $PKG_CONFIG --exists --print-errors "libcrypto libssl"
configure:16683: $? = 0
configure:16741: result: yes
configure:16747: checking for libapr1
configure:16754: $PKG_CONFIG --exists --print-errors "apr-1"
configure:16757: $? = 0
configure:16771: $PKG_CONFIG --exists --print-errors "apr-1"
configure:16774: $? = 0
configure:16832: result: yes
configure:16838: checking for XCB
configure:16845: $PKG_CONFIG --exists --print-errors "xcb"
configure:16848: $? = 0
configure:16862: $PKG_CONFIG --exists --print-errors "xcb"
configure:16865: $? = 0
configure:16923: result: yes
configure:16929: checking for XCBPRESENT
configure:16936: $PKG_CONFIG --exists --print-errors "xcb-present"
configure:16939: $? = 0
configure:16953: $PKG_CONFIG --exists --print-errors "xcb-present"
configure:16956: $? = 0
configure:17014: result: yes
configure:17020: checking for PANGOCAIRO
configure:17027: $PKG_CONFIG --exists --print-errors "pangocairo"
configure:17030: $? = 0
configure:17044: $PKG_CONFIG --exists --print-errors "pangocairo"
configure:17047: $? = 0
configure:17105: result: yes
configure:17114: checking for sys/types.h
configure:17114: result: yes
configure:17114: checking for netinet/in.h
configure:17114: gcc -c -g -O2  conftest.c >&5
configure:17114: $? = 0
configure:17114: result: yes
configure:17114: checking for arpa/nameser.h
configure:17114: gcc -c -g -O2  conftest.c >&5
configure:17114: $? = 0
configure:17114: result: yes
configure:17114: checking for netdb.h
configure:17114: gcc -c -g -O2  conftest.c >&5
configure:17114: $? = 0
configure:17114: result: yes
configure:17114: checking for resolv.h
configure:17114: gcc -c -g -O2  conftest.c >&5
configure:17114: $? = 0
configure:17114: result: yes
configure:17140: checking arpa/inet.h usability
configure:17140: gcc -c -g -O2  conftest.c >&5
configure:17140: $? = 0
configure:17140: result: yes
configure:17140: checking arpa/inet.h presence
configure:17140: gcc -E  conftest.c
configure:17140: $? = 0
configure:17140: result: yes
configure:17140: checking for arpa/inet.h
configure:17140: result: yes
configure:17140: checking fcntl.h usability
configure:17140: gcc -c -g -O2  conftest.c >&5
configure:17140: $? = 0
configure:17140: result: yes
configure:17140: checking fcntl.h presence
configure:17140: gcc -E  conftest.c
configure:17140: $? = 0
configure:17140: result: yes
configure:17140: checking for fcntl.h
configure:17140: result: yes
configure:17140: checking for netdb.h
configure:17140: result: yes
configure:17140: checking for netinet/in.h
configure:17140: result: yes
configure:17140: checking paths.h usability
configure:17140: gcc -c -g -O2  conftest.c >&5
configure:17140: $? = 0
configure:17140: result: yes
configure:17140: checking paths.h presence
configure:17140: gcc -E  conftest.c
configure:17140: $? = 0
configure:17140: result: yes
configure:17140: checking for paths.h
configure:17140: result: yes
configure:17140: checking sys/ioctl.h usability
configure:17140: gcc -c -g -O2  conftest.c >&5
configure:17140: $? = 0
configure:17140: result: yes
configure:17140: checking sys/ioctl.h presence
configure:17140: gcc -E  conftest.c
configure:17140: $? = 0
configure:17140: result: yes
configure:17140: checking for sys/ioctl.h
configure:17140: result: yes
configure:17140: checking sys/socket.h usability
configure:17140: gcc -c -g -O2  conftest.c >&5
configure:17140: $? = 0
configure:17140: result: yes
configure:17140: checking sys/socket.h presence
configure:17140: gcc -E  conftest.c
configure:17140: $? = 0
configure:17140: result: yes
configure:17140: checking for sys/socket.h
configure:17140: result: yes
configure:17140: checking for unistd.h
configure:17140: result: yes
configure:17154: checking for stdbool.h that conforms to C99
configure:17221: gcc -c -g -O2  conftest.c >&5
configure:17221: $? = 0
configure:17228: result: yes
configure:17230: checking for _Bool
configure:17230: gcc -c -g -O2  conftest.c >&5
configure:17230: $? = 0
configure:17230: gcc -c -g -O2  conftest.c >&5
conftest.c: In function 'main':
conftest.c:83:20: error: expected expression before ')' token
 if (sizeof ((_Bool)))
                    ^
configure:17230: $? = 1
configure: failed program was:
| /* confdefs.h */
| #define PACKAGE_NAME "mahimahi"
| #define PACKAGE_TARNAME "mahimahi"
| #define PACKAGE_VERSION "0.98"
| #define PACKAGE_STRING "mahimahi 0.98"
| #define PACKAGE_BUGREPORT "mahimahi@mit.edu"
| #define PACKAGE_URL ""
| #define PACKAGE "mahimahi"
| #define VERSION "0.98"
| #define STDC_HEADERS 1
| #define HAVE_SYS_TYPES_H 1
| #define HAVE_SYS_STAT_H 1
| #define HAVE_STDLIB_H 1
| #define HAVE_STRING_H 1
| #define HAVE_MEMORY_H 1
| #define HAVE_STRINGS_H 1
| #define HAVE_INTTYPES_H 1
| #define HAVE_STDINT_H 1
| #define HAVE_UNISTD_H 1
| #define HAVE_DLFCN_H 1
| #define LT_OBJDIR ".libs/"
| #define IPTABLES "/sbin/iptables"
| #define IP "/sbin/ip"
| #define APACHE2 "/usr/sbin/apache2"
| #define DNSMASQ "/usr/sbin/dnsmasq"
| #define MOD_MPM_PREFORK "/usr/lib/apache2/modules/mod_mpm_prefork.so"
| #define MOD_AUTHZ_CORE "/usr/lib/apache2/modules/mod_authz_core.so"
| #define MOD_SSL "/usr/lib/apache2/modules/mod_ssl.so"
| #define MOD_SSL_CERTIFICATE_FILE "/etc/ssl/certs/ssl-cert-snakeoil.pem"
| #define MOD_SSL_KEY "/etc/ssl/private/ssl-cert-snakeoil.key"
| #define REPLAYSERVER "/home/usama/github/mahimahi-mod/temp-ins/bin/mm-replayserver"
| #define MOD_DEEPCGI "/home/usama/github/mahimahi-mod/temp-ins/lib//libmod_deepcgi.so"
| #define HAVE_SYS_TYPES_H 1
| #define HAVE_NETINET_IN_H 1
| #define HAVE_ARPA_NAMESER_H 1
| #define HAVE_NETDB_H 1
| #define HAVE_RESOLV_H 1
| #define HAVE_ARPA_INET_H 1
| #define HAVE_FCNTL_H 1
| #define HAVE_NETDB_H 1
| #define HAVE_NETINET_IN_H 1
| #define HAVE_PATHS_H 1
| #define HAVE_SYS_IOCTL_H 1
| #define HAVE_SYS_SOCKET_H 1
| #define HAVE_UNISTD_H 1
| /* end confdefs.h.  */
| #include <stdio.h>
| #ifdef HAVE_SYS_TYPES_H
| # include <sys/types.h>
| #endif
| #ifdef HAVE_SYS_STAT_H
| # include <sys/stat.h>
| #endif
| #ifdef STDC_HEADERS
| # include <stdlib.h>
| # include <stddef.h>
| #else
| # ifdef HAVE_STDLIB_H
| #  include <stdlib.h>
| # endif
| #endif
| #ifdef HAVE_STRING_H
| # if !defined STDC_HEADERS && defined HAVE_MEMORY_H
| #  include <memory.h>
| # endif
| # include <string.h>
| #endif
| #ifdef HAVE_STRINGS_H
| # include <strings.h>
| #endif
| #ifdef HAVE_INTTYPES_H
| # include <inttypes.h>
| #endif
| #ifdef HAVE_STDINT_H
| # include <stdint.h>
| #endif
| #ifdef HAVE_UNISTD_H
| # include <unistd.h>
| #endif
| int
| main ()
| {
| if (sizeof ((_Bool)))
| 	    return 0;
|   ;
|   return 0;
| }
configure:17230: result: yes
configure:17241: checking for uid_t in sys/types.h
configure:17260: result: yes
configure:17271: checking for inline
configure:17287: gcc -c -g -O2  conftest.c >&5
configure:17287: $? = 0
configure:17295: result: inline
configure:17313: checking for pid_t
configure:17313: gcc -c -g -O2  conftest.c >&5
configure:17313: $? = 0
configure:17313: gcc -c -g -O2  conftest.c >&5
conftest.c: In function 'main':
conftest.c:84:20: error: expected expression before ')' token
 if (sizeof ((pid_t)))
                    ^
configure:17313: $? = 1
configure: failed program was:
| /* confdefs.h */
| #define PACKAGE_NAME "mahimahi"
| #define PACKAGE_TARNAME "mahimahi"
| #define PACKAGE_VERSION "0.98"
| #define PACKAGE_STRING "mahimahi 0.98"
| #define PACKAGE_BUGREPORT "mahimahi@mit.edu"
| #define PACKAGE_URL ""
| #define PACKAGE "mahimahi"
| #define VERSION "0.98"
| #define STDC_HEADERS 1
| #define HAVE_SYS_TYPES_H 1
| #define HAVE_SYS_STAT_H 1
| #define HAVE_STDLIB_H 1
| #define HAVE_STRING_H 1
| #define HAVE_MEMORY_H 1
| #define HAVE_STRINGS_H 1
| #define HAVE_INTTYPES_H 1
| #define HAVE_STDINT_H 1
| #define HAVE_UNISTD_H 1
| #define HAVE_DLFCN_H 1
| #define LT_OBJDIR ".libs/"
| #define IPTABLES "/sbin/iptables"
| #define IP "/sbin/ip"
| #define APACHE2 "/usr/sbin/apache2"
| #define DNSMASQ "/usr/sbin/dnsmasq"
| #define MOD_MPM_PREFORK "/usr/lib/apache2/modules/mod_mpm_prefork.so"
| #define MOD_AUTHZ_CORE "/usr/lib/apache2/modules/mod_authz_core.so"
| #define MOD_SSL "/usr/lib/apache2/modules/mod_ssl.so"
| #define MOD_SSL_CERTIFICATE_FILE "/etc/ssl/certs/ssl-cert-snakeoil.pem"
| #define MOD_SSL_KEY "/etc/ssl/private/ssl-cert-snakeoil.key"
| #define REPLAYSERVER "/home/usama/github/mahimahi-mod/temp-ins/bin/mm-replayserver"
| #define MOD_DEEPCGI "/home/usama/github/mahimahi-mod/temp-ins/lib//libmod_deepcgi.so"
| #define HAVE_SYS_TYPES_H 1
| #define HAVE_NETINET_IN_H 1
| #define HAVE_ARPA_NAMESER_H 1
| #define HAVE_NETDB_H 1
| #define HAVE_RESOLV_H 1
| #define HAVE_ARPA_INET_H 1
| #define HAVE_FCNTL_H 1
| #define HAVE_NETDB_H 1
| #define HAVE_NETINET_IN_H 1
| #define HAVE_PATHS_H 1
| #define HAVE_SYS_IOCTL_H 1
| #define HAVE_SYS_SOCKET_H 1
| #define HAVE_UNISTD_H 1
| #define HAVE__BOOL 1
| /* end confdefs.h.  */
| #include <stdio.h>
| #ifdef HAVE_SYS_TYPES_H
| # include <sys/types.h>
| #endif
| #ifdef HAVE_SYS_STAT_H
| # include <sys/stat.h>
| #endif
| #ifdef STDC_HEADERS
| # include <stdlib.h>
| # include <stddef.h>
| #else
| # ifdef HAVE_STDLIB_H
| #  include <stdlib.h>
| # endif
| #endif
| #ifdef HAVE_STRING_H
| # if !defined STDC_HEADERS && defined HAVE_MEMORY_H
| #  include <memory.h>
| # endif
| # include <string.h>
| #endif
| #ifdef HAVE_STRINGS_H
| # include <strings.h>
| #endif
| #ifdef HAVE_INTTYPES_H
| # include <inttypes.h>
| #endif
| #ifdef HAVE_STDINT_H
| # include <stdint.h>
| #endif
| #ifdef HAVE_UNISTD_H
| # include <unistd.h>
| #endif
| int
| main ()
| {
| if (sizeof ((pid_t)))
| 	    return 0;
|   ;
|   return 0;
| }
configure:17313: result: yes
configure:17324: checking for size_t
configure:17324: gcc -c -g -O2  conftest.c >&5
configure:17324: $? = 0
configure:17324: gcc -c -g -O2  conftest.c >&5
conftest.c: In function 'main':
conftest.c:84:21: error: expected expression before ')' token
 if (sizeof ((size_t)))
                     ^
configure:17324: $? = 1
configure: failed program was:
| /* confdefs.h */
| #define PACKAGE_NAME "mahimahi"
| #define PACKAGE_TARNAME "mahimahi"
| #define PACKAGE_VERSION "0.98"
| #define PACKAGE_STRING "mahimahi 0.98"
| #define PACKAGE_BUGREPORT "mahimahi@mit.edu"
| #define PACKAGE_URL ""
| #define PACKAGE "mahimahi"
| #define VERSION "0.98"
| #define STDC_HEADERS 1
| #define HAVE_SYS_TYPES_H 1
| #define HAVE_SYS_STAT_H 1
| #define HAVE_STDLIB_H 1
| #define HAVE_STRING_H 1
| #define HAVE_MEMORY_H 1
| #define HAVE_STRINGS_H 1
| #define HAVE_INTTYPES_H 1
| #define HAVE_STDINT_H 1
| #define HAVE_UNISTD_H 1
| #define HAVE_DLFCN_H 1
| #define LT_OBJDIR ".libs/"
| #define IPTABLES "/sbin/iptables"
| #define IP "/sbin/ip"
| #define APACHE2 "/usr/sbin/apache2"
| #define DNSMASQ "/usr/sbin/dnsmasq"
| #define MOD_MPM_PREFORK "/usr/lib/apache2/modules/mod_mpm_prefork.so"
| #define MOD_AUTHZ_CORE "/usr/lib/apache2/modules/mod_authz_core.so"
| #define MOD_SSL "/usr/lib/apache2/modules/mod_ssl.so"
| #define MOD_SSL_CERTIFICATE_FILE "/etc/ssl/certs/ssl-cert-snakeoil.pem"
| #define MOD_SSL_KEY "/etc/ssl/private/ssl-cert-snakeoil.key"
| #define REPLAYSERVER "/home/usama/github/mahimahi-mod/temp-ins/bin/mm-replayserver"
| #define MOD_DEEPCGI "/home/usama/github/mahimahi-mod/temp-ins/lib//libmod_deepcgi.so"
| #define HAVE_SYS_TYPES_H 1
| #define HAVE_NETINET_IN_H 1
| #define HAVE_ARPA_NAMESER_H 1
| #define HAVE_NETDB_H 1
| #define HAVE_RESOLV_H 1
| #define HAVE_ARPA_INET_H 1
| #define HAVE_FCNTL_H 1
| #define HAVE_NETDB_H 1
| #define HAVE_NETINET_IN_H 1
| #define HAVE_PATHS_H 1
| #define HAVE_SYS_IOCTL_H 1
| #define HAVE_SYS_SOCKET_H 1
| #define HAVE_UNISTD_H 1
| #define HAVE__BOOL 1
| /* end confdefs.h.  */
| #include <stdio.h>
| #ifdef HAVE_SYS_TYPES_H
| # include <sys/types.h>
| #endif
| #ifdef HAVE_SYS_STAT_H
| # include <sys/stat.h>
| #endif
| #ifdef STDC_HEADERS
| # include <stdlib.h>
| # include <stddef.h>
| #else
| # ifdef HAVE_STDLIB_H
| #  include <stdlib.h>
| # endif
| #endif
| #ifdef HAVE_STRING_H
| # if !defined STDC_HEADERS && defined HAVE_MEMORY_H
| #  include <memory.h>
| # endif
| # include <string.h>
| #endif
| #ifdef HAVE_STRINGS_H
| # include <strings.h>
| #endif
| #ifdef HAVE_INTTYPES_H
| # include <inttypes.h>
| #endif
| #ifdef HAVE_STDINT_H
| # include <stdint.h>
| #endif
| #ifdef HAVE_UNISTD_H
| # include <unistd.h>
| #endif
| int
| main ()
| {
| if (sizeof ((size_t)))
| 	    return 0;
|   ;
|   return 0;
| }
configure:17324: result: yes
configure:17335: checking for ssize_t
configure:17335: gcc -c -g -O2  conftest.c >&5
configure:17335: $? = 0
configure:17335: gcc -c -g -O2  conftest.c >&5
conftest.c: In function 'main':
conftest.c:84:22: error: expected expression before ')' token
 if (sizeof ((ssize_t)))
                      ^
configure:17335: $? = 1
configure: failed program was:
| /* confdefs.h */
| #define PACKAGE_NAME "mahimahi"
| #define PACKAGE_TARNAME "mahimahi"
| #define PACKAGE_VERSION "0.98"
| #define PACKAGE_STRING "mahimahi 0.98"
| #define PACKAGE_BUGREPORT "mahimahi@mit.edu"
| #define PACKAGE_URL ""
| #define PACKAGE "mahimahi"
| #define VERSION "0.98"
| #define STDC_HEADERS 1
| #define HAVE_SYS_TYPES_H 1
| #define HAVE_SYS_STAT_H 1
| #define HAVE_STDLIB_H 1
| #define HAVE_STRING_H 1
| #define HAVE_MEMORY_H 1
| #define HAVE_STRINGS_H 1
| #define HAVE_INTTYPES_H 1
| #define HAVE_STDINT_H 1
| #define HAVE_UNISTD_H 1
| #define HAVE_DLFCN_H 1
| #define LT_OBJDIR ".libs/"
| #define IPTABLES "/sbin/iptables"
| #define IP "/sbin/ip"
| #define APACHE2 "/usr/sbin/apache2"
| #define DNSMASQ "/usr/sbin/dnsmasq"
| #define MOD_MPM_PREFORK "/usr/lib/apache2/modules/mod_mpm_prefork.so"
| #define MOD_AUTHZ_CORE "/usr/lib/apache2/modules/mod_authz_core.so"
| #define MOD_SSL "/usr/lib/apache2/modules/mod_ssl.so"
| #define MOD_SSL_CERTIFICATE_FILE "/etc/ssl/certs/ssl-cert-snakeoil.pem"
| #define MOD_SSL_KEY "/etc/ssl/private/ssl-cert-snakeoil.key"
| #define REPLAYSERVER "/home/usama/github/mahimahi-mod/temp-ins/bin/mm-replayserver"
| #define MOD_DEEPCGI "/home/usama/github/mahimahi-mod/temp-ins/lib//libmod_deepcgi.so"
| #define HAVE_SYS_TYPES_H 1
| #define HAVE_NETINET_IN_H 1
| #define HAVE_ARPA_NAMESER_H 1
| #define HAVE_NETDB_H 1
| #define HAVE_RESOLV_H 1
| #define HAVE_ARPA_INET_H 1
| #define HAVE_FCNTL_H 1
| #define HAVE_NETDB_H 1
| #define HAVE_NETINET_IN_H 1
| #define HAVE_PATHS_H 1
| #define HAVE_SYS_IOCTL_H 1
| #define HAVE_SYS_SOCKET_H 1
| #define HAVE_UNISTD_H 1
| #define HAVE__BOOL 1
| /* end confdefs.h.  */
| #include <stdio.h>
| #ifdef HAVE_SYS_TYPES_H
| # include <sys/types.h>
| #endif
| #ifdef HAVE_SYS_STAT_H
| # include <sys/stat.h>
| #endif
| #ifdef STDC_HEADERS
| # include <stdlib.h>
| # include <stddef.h>
| #else
| # ifdef HAVE_STDLIB_H
| #  include <stdlib.h>
| # endif
| #endif
| #ifdef HAVE_STRING_H
| # if !defined STDC_HEADERS && defined HAVE_MEMORY_H
| #  include <memory.h>
| # endif
| # include <string.h>
| #endif
| #ifdef HAVE_STRINGS_H
| # include <strings.h>
| #endif
| #ifdef HAVE_INTTYPES_H
| # include <inttypes.h>
| #endif
| #ifdef HAVE_STDINT_H
| # include <stdint.h>
| #endif
| #ifdef HAVE_UNISTD_H
| # include <unistd.h>
| #endif
| int
| main ()
| {
| if (sizeof ((ssize_t)))
| 	    return 0;
|   ;
|   return 0;
| }
configure:17335: result: yes
configure:17346: checking for uint16_t
configure:17346: gcc -c -g -O2  conftest.c >&5
configure:17346: $? = 0
configure:17346: result: yes
configure:17358: checking for uint32_t
configure:17358: gcc -c -g -O2  conftest.c >&5
configure:17358: $? = 0
configure:17358: result: yes
configure:17372: checking for uint64_t
configure:17372: gcc -c -g -O2  conftest.c >&5
configure:17372: $? = 0
configure:17372: result: yes
configure:17386: checking for uint8_t
configure:17386: gcc -c -g -O2  conftest.c >&5
configure:17386: $? = 0
configure:17386: result: yes
configure:17405: checking for clock_gettime
configure:17405: gcc -o conftest -g -O2   conftest.c  >&5
configure:17405: $? = 0
configure:17405: result: yes
configure:17405: checking for inet_ntoa
configure:17405: gcc -o conftest -g -O2   conftest.c  >&5
configure:17405: $? = 0
configure:17405: result: yes
configure:17405: checking for memset
configure:17405: gcc -o conftest -g -O2   conftest.c  >&5
conftest.c:73:6: warning: conflicting types for built-in function 'memset'
 char memset ();
      ^
configure:17405: $? = 0
configure:17405: result: yes
configure:17405: checking for mkdir
configure:17405: gcc -o conftest -g -O2   conftest.c  >&5
configure:17405: $? = 0
configure:17405: result: yes
configure:17405: checking for setenv
configure:17405: gcc -o conftest -g -O2   conftest.c  >&5
configure:17405: $? = 0
configure:17405: result: yes
configure:17405: checking for socket
configure:17405: gcc -o conftest -g -O2   conftest.c  >&5
configure:17405: $? = 0
configure:17405: result: yes
configure:17405: checking for strerror
configure:17405: gcc -o conftest -g -O2   conftest.c  >&5
configure:17405: $? = 0
configure:17405: result: yes
configure:17405: checking for strtol
configure:17405: gcc -o conftest -g -O2   conftest.c  >&5
configure:17405: $? = 0
configure:17405: result: yes
configure:17526: checking that generated files are newer than configure
configure:17532: result: done
configure:17559: creating ./config.status

## ---------------------- ##
## Running config.status. ##
## ---------------------- ##

This file was extended by mahimahi config.status 0.98, which was
generated by GNU Autoconf 2.69.  Invocation command line was

  CONFIG_FILES    = 
  CONFIG_HEADERS  = 
  CONFIG_LINKS    = 
  CONFIG_COMMANDS = 
  $ ./config.status 

on ubuntu

config.status:1218: creating Makefile
config.status:1218: creating src/Makefile
config.status:1218: creating src/util/Makefile
config.status:1218: creating src/packet/Makefile
config.status:1218: creating src/graphing/Makefile
config.status:1218: creating src/http/Makefile
config.status:1218: creating src/httpserver/Makefile
config.status:1218: creating src/frontend/Makefile
config.status:1218: creating src/protobufs/Makefile
config.status:1218: creating src/tests/Makefile
config.status:1218: creating man/Makefile
config.status:1218: creating traces/Makefile
config.status:1218: creating scripts/Makefile
config.status:1218: creating config.h
config.status:1447: executing depfiles commands
config.status:1447: executing libtool commands

## ---------------- ##
## Cache variables. ##
## ---------------- ##

ac_cv_build=x86_64-pc-linux-gnu
ac_cv_c_compiler_gnu=yes
ac_cv_c_inline=inline
ac_cv_c_uint16_t=yes
ac_cv_c_uint32_t=yes
ac_cv_c_uint64_t=yes
ac_cv_c_uint8_t=yes
ac_cv_cxx_compiler_gnu=yes
ac_cv_env_APACHE2_set=
ac_cv_env_APACHE2_value=
ac_cv_env_CCC_set=
ac_cv_env_CCC_value=
ac_cv_env_CC_set=
ac_cv_env_CC_value=
ac_cv_env_CFLAGS_set=
ac_cv_env_CFLAGS_value=
ac_cv_env_CPPFLAGS_set=
ac_cv_env_CPPFLAGS_value=
ac_cv_env_CPP_set=
ac_cv_env_CPP_value=
ac_cv_env_CXXCPP_set=
ac_cv_env_CXXCPP_value=
ac_cv_env_CXXFLAGS_set=
ac_cv_env_CXXFLAGS_value=
ac_cv_env_CXX_set=
ac_cv_env_CXX_value=
ac_cv_env_DNSMASQ_set=
ac_cv_env_DNSMASQ_value=
ac_cv_env_IPTABLES_set=
ac_cv_env_IPTABLES_value=
ac_cv_env_IP_set=
ac_cv_env_IP_value=
ac_cv_env_LDFLAGS_set=
ac_cv_env_LDFLAGS_value=
ac_cv_env_LIBS_set=
ac_cv_env_LIBS_value=
ac_cv_env_LT_SYS_LIBRARY_PATH_set=
ac_cv_env_LT_SYS_LIBRARY_PATH_value=
ac_cv_env_PANGOCAIRO_CFLAGS_set=
ac_cv_env_PANGOCAIRO_CFLAGS_value=
ac_cv_env_PANGOCAIRO_LIBS_set=
ac_cv_env_PANGOCAIRO_LIBS_value=
ac_cv_env_PKG_CONFIG_LIBDIR_set=
ac_cv_env_PKG_CONFIG_LIBDIR_value=
ac_cv_env_PKG_CONFIG_PATH_set=
ac_cv_env_PKG_CONFIG_PATH_value=
ac_cv_env_PKG_CONFIG_set=
ac_cv_env_PKG_CONFIG_value=
ac_cv_env_XCBPRESENT_CFLAGS_set=
ac_cv_env_XCBPRESENT_CFLAGS_value=
ac_cv_env_XCBPRESENT_LIBS_set=
ac_cv_env_XCBPRESENT_LIBS_value=
ac_cv_env_XCB_CFLAGS_set=
ac_cv_env_XCB_CFLAGS_value=
ac_cv_env_XCB_LIBS_set=
ac_cv_env_XCB_LIBS_value=
ac_cv_env_build_alias_set=
ac_cv_env_build_alias_value=
ac_cv_env_host_alias_set=
ac_cv_env_host_alias_value=
ac_cv_env_libapr1_CFLAGS_set=
ac_cv_env_libapr1_CFLAGS_value=
ac_cv_env_libapr1_LIBS_set=
ac_cv_env_libapr1_LIBS_value=
ac_cv_env_libssl_CFLAGS_set=
ac_cv_env_libssl_CFLAGS_value=
ac_cv_env_libssl_LIBS_set=
ac_cv_env_libssl_LIBS_value=
ac_cv_env_protobuf_CFLAGS_set=
ac_cv_env_protobuf_CFLAGS_value=
ac_cv_env_protobuf_LIBS_set=
ac_cv_env_protobuf_LIBS_value=
ac_cv_env_target_alias_set=
ac_cv_env_target_alias_value=
ac_cv_file__etc_ssl_certs_ssl_cert_snakeoil_pem=yes
ac_cv_file__usr_lib_apache2_modules_mod_authz_core_so=yes
ac_cv_file__usr_lib_apache2_modules_mod_mpm_prefork_so=yes
ac_cv_file__usr_lib_apache2_modules_mod_ssl_so=yes
ac_cv_func_clock_gettime=yes
ac_cv_func_inet_ntoa=yes
ac_cv_func_memset=yes
ac_cv_func_mkdir=yes
ac_cv_func_setenv=yes
ac_cv_func_socket=yes
ac_cv_func_strerror=yes
ac_cv_func_strtol=yes
ac_cv_header_arpa_inet_h=yes
ac_cv_header_arpa_nameser_h=yes
ac_cv_header_dlfcn_h=yes
ac_cv_header_fcntl_h=yes
ac_cv_header_inttypes_h=yes
ac_cv_header_memory_h=yes
ac_cv_header_netdb_h=yes
ac_cv_header_netinet_in_h=yes
ac_cv_header_paths_h=yes
ac_cv_header_resolv_h=yes
ac_cv_header_stdbool_h=yes
ac_cv_header_stdc=yes
ac_cv_header_stdint_h=yes
ac_cv_header_stdlib_h=yes
ac_cv_header_string_h=yes
ac_cv_header_strings_h=yes
ac_cv_header_sys_ioctl_h=yes
ac_cv_header_sys_socket_h=yes
ac_cv_header_sys_stat_h=yes
ac_cv_header_sys_types_h=yes
ac_cv_header_unistd_h=yes
ac_cv_host=x86_64-pc-linux-gnu
ac_cv_objext=o
ac_cv_path_APACHE2=/usr/sbin/apache2
ac_cv_path_APXS=/usr/bin/apxs
ac_cv_path_DNSMASQ=/usr/sbin/dnsmasq
ac_cv_path_EGREP='/bin/grep -E'
ac_cv_path_FGREP='/bin/grep -F'
ac_cv_path_GREP=/bin/grep
ac_cv_path_IP=/sbin/ip
ac_cv_path_IPTABLES=/sbin/iptables
ac_cv_path_PROTOC=/usr/bin/protoc
ac_cv_path_SED=/bin/sed
ac_cv_path_ac_pt_PKG_CONFIG=/usr/bin/pkg-config
ac_cv_path_install='/usr/bin/install -c'
ac_cv_path_lt_DD=/bin/dd
ac_cv_path_mkdir=/bin/mkdir
ac_cv_prog_AWK=mawk
ac_cv_prog_CPP='gcc -E'
ac_cv_prog_CXXCPP='g++ -E'
ac_cv_prog_ac_ct_AR=ar
ac_cv_prog_ac_ct_CC=gcc
ac_cv_prog_ac_ct_CXX=g++
ac_cv_prog_ac_ct_MANIFEST_TOOL=mt
ac_cv_prog_ac_ct_OBJDUMP=objdump
ac_cv_prog_ac_ct_RANLIB=ranlib
ac_cv_prog_ac_ct_STRIP=strip
ac_cv_prog_cc_c89=
ac_cv_prog_cc_g=yes
ac_cv_prog_cxx_g=yes
ac_cv_prog_make_make_set=yes
ac_cv_type__Bool=yes
ac_cv_type_pid_t=yes
ac_cv_type_size_t=yes
ac_cv_type_ssize_t=yes
ac_cv_type_uid_t=yes
am_cv_CC_dependencies_compiler_type=gcc3
am_cv_CXX_dependencies_compiler_type=gcc3
am_cv_make_support_nested_variables=yes
am_cv_prog_cc_c_o=yes
lt_cv_ar_at_file=@
lt_cv_archive_cmds_need_lc=no
lt_cv_deplibs_check_method=pass_all
lt_cv_file_magic_cmd='$MAGIC_CMD'
lt_cv_file_magic_test_file=
lt_cv_ld_reload_flag=-r
lt_cv_nm_interface='BSD nm'
lt_cv_objdir=.libs
lt_cv_path_LD=/usr/bin/ld
lt_cv_path_LDCXX='/usr/bin/ld -m elf_x86_64'
lt_cv_path_NM='/usr/bin/nm -B'
lt_cv_path_mainfest_tool=no
lt_cv_prog_compiler_c_o=yes
lt_cv_prog_compiler_c_o_CXX=yes
lt_cv_prog_compiler_pic='-fPIC -DPIC'
lt_cv_prog_compiler_pic_CXX='-fPIC -DPIC'
lt_cv_prog_compiler_pic_works=yes
lt_cv_prog_compiler_pic_works_CXX=yes
lt_cv_prog_compiler_rtti_exceptions=no
lt_cv_prog_compiler_static_works=yes
lt_cv_prog_compiler_static_works_CXX=yes
lt_cv_prog_gnu_ld=yes
lt_cv_prog_gnu_ldcxx=yes
lt_cv_sharedlib_from_linklib_cmd='printf %s\n'
lt_cv_shlibpath_overrides_runpath=no
lt_cv_sys_global_symbol_pipe='sed -n -e '\''s/^.*[	 ]\([ABCDGIRSTW][ABCDGIRSTW]*\)[	 ][	 ]*\([_A-Za-z][_A-Za-z0-9]*\)$/\1 \2 \2/p'\'' | sed '\''/ __gnu_lto/d'\'''
lt_cv_sys_global_symbol_to_c_name_address='sed -n -e '\''s/^: \(.*\) .*$/  {"\1", (void *) 0},/p'\'' -e '\''s/^[ABCDGIRSTW][ABCDGIRSTW]* .* \(.*\)$/  {"\1", (void *) \&\1},/p'\'''
lt_cv_sys_global_symbol_to_c_name_address_lib_prefix='sed -n -e '\''s/^: \(.*\) .*$/  {"\1", (void *) 0},/p'\'' -e '\''s/^[ABCDGIRSTW][ABCDGIRSTW]* .* \(lib.*\)$/  {"\1", (void *) \&\1},/p'\'' -e '\''s/^[ABCDGIRSTW][ABCDGIRSTW]* .* \(.*\)$/  {"lib\1", (void *) \&\1},/p'\'''
lt_cv_sys_global_symbol_to_cdecl='sed -n -e '\''s/^T .* \(.*\)$/extern int \1();/p'\'' -e '\''s/^[ABCDGIRSTW][ABCDGIRSTW]* .* \(.*\)$/extern char \1;/p'\'''
lt_cv_sys_global_symbol_to_import=
lt_cv_sys_max_cmd_len=1572864
lt_cv_to_host_file_cmd=func_convert_file_noop
lt_cv_to_tool_file_cmd=func_convert_file_noop
lt_cv_truncate_bin='/bin/dd bs=4096 count=1'
pkg_cv_PANGOCAIRO_CFLAGS='-I/usr/include/pango-1.0 -I/usr/include/harfbuzz -I/usr/include/pango-1.0 -I/usr/include/cairo -I/usr/include/glib-2.0 -I/usr/lib/x86_64-linux-gnu/glib-2.0/include -I/usr/include/pixman-1 -I/usr/include/freetype2 -I/usr/include/libpng12'
pkg_cv_PANGOCAIRO_LIBS='-lpangocairo-1.0 -lpango-1.0 -lgobject-2.0 -lglib-2.0 -lcairo'
pkg_cv_XCBPRESENT_CFLAGS=
pkg_cv_XCBPRESENT_LIBS='-lxcb-present -lxcb-randr -lxcb-xfixes -lxcb-render -lxcb-shape -lxcb-sync -lxcb'
pkg_cv_XCB_CFLAGS=
pkg_cv_XCB_LIBS=-lxcb
pkg_cv_libapr1_CFLAGS='-DLINUX -D_REENTRANT -D_GNU_SOURCE -I/usr/include/apr-1.0'
pkg_cv_libapr1_LIBS=-lapr-1
pkg_cv_libssl_CFLAGS=
pkg_cv_libssl_LIBS='-lcrypto -lssl'
pkg_cv_protobuf_CFLAGS=-pthread
pkg_cv_protobuf_LIBS='-lprotobuf -pthread -lpthread'

## ----------------- ##
## Output variables. ##
## ----------------- ##

ACLOCAL='${SHELL} /home/usama/github/mahimahi-mod/mahimahi/missing aclocal-1.15'
AMDEPBACKSLASH='\'
AMDEP_FALSE='#'
AMDEP_TRUE=''
AMTAR='$${TAR-tar}'
AM_BACKSLASH='\'
AM_DEFAULT_V='$(AM_DEFAULT_VERBOSITY)'
AM_DEFAULT_VERBOSITY='1'
AM_V='$(V)'
APACHE2='/usr/sbin/apache2'
APACHE2_INCLUDE='/usr/include/apache2'
APACHE2_MODULE_DIR='/usr/lib/apache2/modules'
APXS='/usr/bin/apxs'
AR='ar'
AUTOCONF='${SHELL} /home/usama/github/mahimahi-mod/mahimahi/missing autoconf'
AUTOHEADER='${SHELL} /home/usama/github/mahimahi-mod/mahimahi/missing autoheader'
AUTOMAKE='${SHELL} /home/usama/github/mahimahi-mod/mahimahi/missing automake-1.15'
AWK='mawk'
CC='gcc'
CCDEPMODE='depmode=gcc3'
CFLAGS='-g -O2'
CPP='gcc -E'
CPPFLAGS=''
CXX11_FLAGS='-std=c++11 -pthread'
CXX='g++'
CXXCPP='g++ -E'
CXXDEPMODE='depmode=gcc3'
CXXFLAGS='-g -O2'
CYGPATH_W='echo'
DEFS='-DHAVE_CONFIG_H'
DEPDIR='.deps'
DLLTOOL='false'
DNSMASQ='/usr/sbin/dnsmasq'
DSYMUTIL=''
DUMPBIN=''
ECHO_C=''
ECHO_N='-n'
ECHO_T=''
EGREP='/bin/grep -E'
EXEEXT=''
FGREP='/bin/grep -F'
GREP='/bin/grep'
INSTALL_DATA='${INSTALL} -m 644'
INSTALL_PROGRAM='${INSTALL}'
INSTALL_SCRIPT='${INSTALL}'
INSTALL_STRIP_PROGRAM='$(install_sh) -c -s'
IP='/sbin/ip'
IPTABLES='/sbin/iptables'
LD='/usr/bin/ld -m elf_x86_64'
LDFLAGS=''
LIBOBJS=''
LIBS=''
LIBTOOL='$(SHELL) $(top_builddir)/libtool'
LIPO=''
LN_S='ln -s'
LTLIBOBJS=''
LT_SYS_LIBRARY_PATH=''
MAKEINFO='${SHELL} /home/usama/github/mahimahi-mod/mahimahi/missing makeinfo'
MANIFEST_TOOL=':'
MKDIR_P='/bin/mkdir -p'
NM='/usr/bin/nm -B'
NMEDIT=''
OBJDUMP='objdump'
OBJEXT='o'
OTOOL64=''
OTOOL=''
PACKAGE='mahimahi'
PACKAGE_BUGREPORT='mahimahi@mit.edu'
PACKAGE_NAME='mahimahi'
PACKAGE_STRING='mahimahi 0.98'
PACKAGE_TARNAME='mahimahi'
PACKAGE_URL=''
PACKAGE_VERSION='0.98'
PANGOCAIRO_CFLAGS='-I/usr/include/pango-1.0 -I/usr/include/harfbuzz -I/usr/include/pango-1.0 -I/usr/include/cairo -I/usr/include/glib-2.0 -I/usr/lib/x86_64-linux-gnu/glib-2.0/include -I/usr/include/pixman-1 -I/usr/include/freetype2 -I/usr/include/libpng12'
PANGOCAIRO_LIBS='-lpangocairo-1.0 -lpango-1.0 -lgobject-2.0 -lglib-2.0 -lcairo'
PATH_SEPARATOR=':'
PICKY_CXXFLAGS='-pedantic -Wall -Wextra -Weffc++ -Werror'
PKG_CONFIG='/usr/bin/pkg-config'
PKG_CONFIG_LIBDIR=''
PKG_CONFIG_PATH=''
PROTOC='/usr/bin/protoc'
RANLIB='ranlib'
SED='/bin/sed'
SET_MAKE=''
SHELL='/bin/bash'
STRIP='strip'
VERSION='0.98'
XCBPRESENT_CFLAGS=''
XCBPRESENT_LIBS='-lxcb-present -lxcb-randr -lxcb-xfixes -lxcb-render -lxcb-shape -lxcb-sync -lxcb'
XCB_CFLAGS=''
XCB_LIBS='-lxcb'
ac_ct_AR='ar'
ac_ct_CC='gcc'
ac_ct_CXX='g++'
ac_ct_DUMPBIN=''
am__EXEEXT_FALSE=''
am__EXEEXT_TRUE='#'
am__fastdepCC_FALSE='#'
am__fastdepCC_TRUE=''
am__fastdepCXX_FALSE='#'
am__fastdepCXX_TRUE=''
am__include='include'
am__isrc=''
am__leading_dot='.'
am__nodep='_no'
am__quote=''
am__tar='$${TAR-tar} chof - "$$tardir"'
am__untar='$${TAR-tar} xf -'
bindir='${exec_prefix}/bin'
build='x86_64-pc-linux-gnu'
build_alias=''
build_cpu='x86_64'
build_os='linux-gnu'
build_vendor='pc'
datadir='${datarootdir}'
datarootdir='${prefix}/share'
docdir='${datarootdir}/doc/${PACKAGE_TARNAME}'
dvidir='${docdir}'
exec_prefix='${prefix}'
host='x86_64-pc-linux-gnu'
host_alias=''
host_cpu='x86_64'
host_os='linux-gnu'
host_vendor='pc'
htmldir='${docdir}'
includedir='${prefix}/include'
infodir='${datarootdir}/info'
install_sh='${SHELL} /home/usama/github/mahimahi-mod/mahimahi/install-sh'
libapr1_CFLAGS='-DLINUX -D_REENTRANT -D_GNU_SOURCE -I/usr/include/apr-1.0'
libapr1_LIBS='-lapr-1'
libdir='${exec_prefix}/lib'
libexecdir='${exec_prefix}/libexec'
libssl_CFLAGS=''
libssl_LIBS='-lcrypto -lssl'
localedir='${datarootdir}/locale'
localstatedir='${prefix}/var'
mandir='${datarootdir}/man'
mkdir_p='$(MKDIR_P)'
oldincludedir='/usr/include'
pdfdir='${docdir}'
prefix='/home/usama/github/mahimahi-mod/temp-ins'
program_transform_name='s,x,x,'
protobuf_CFLAGS='-pthread'
protobuf_LIBS='-lprotobuf -pthread -lpthread'
psdir='${docdir}'
runstatedir='${localstatedir}/run'
sbindir='${exec_prefix}/sbin'
sharedstatedir='${prefix}/com'
sysconfdir='${prefix}/etc'
target_alias=''

## ----------- ##
## confdefs.h. ##
## ----------- ##

/* confdefs.h */
#define PACKAGE_NAME "mahimahi"
#define PACKAGE_TARNAME "mahimahi"
#define PACKAGE_VERSION "0.98"
#define PACKAGE_STRING "mahimahi 0.98"
#define PACKAGE_BUGREPORT "mahimahi@mit.edu"
#define PACKAGE_URL ""
#define PACKAGE "mahimahi"
#define VERSION "0.98"
#define STDC_HEADERS 1
#define HAVE_SYS_TYPES_H 1
#define HAVE_SYS_STAT_H 1
#define HAVE_STDLIB_H 1
#define HAVE_STRING_H 1
#define HAVE_MEMORY_H 1
#define HAVE_STRINGS_H 1
#define HAVE_INTTYPES_H 1
#define HAVE_STDINT_H 1
#define HAVE_UNISTD_H 1
#define HAVE_DLFCN_H 1
#define LT_OBJDIR ".libs/"
#define IPTABLES "/sbin/iptables"
#define IP "/sbin/ip"
#define APACHE2 "/usr/sbin/apache2"
#define DNSMASQ "/usr/sbin/dnsmasq"
#define MOD_MPM_PREFORK "/usr/lib/apache2/modules/mod_mpm_prefork.so"
#define MOD_AUTHZ_CORE "/usr/lib/apache2/modules/mod_authz_core.so"
#define MOD_SSL "/usr/lib/apache2/modules/mod_ssl.so"
#define MOD_SSL_CERTIFICATE_FILE "/etc/ssl/certs/ssl-cert-snakeoil.pem"
#define MOD_SSL_KEY "/etc/ssl/private/ssl-cert-snakeoil.key"
#define REPLAYSERVER "/home/usama/github/mahimahi-mod/temp-ins/bin/mm-replayserver"
#define MOD_DEEPCGI "/home/usama/github/mahimahi-mod/temp-ins/lib//libmod_deepcgi.so"
#define HAVE_SYS_TYPES_H 1
#define HAVE_NETINET_IN_H 1
#define HAVE_ARPA_NAMESER_H 1
#define HAVE_NETDB_H 1
#define HAVE_RESOLV_H 1
#define HAVE_ARPA_INET_H 1
#define HAVE_FCNTL_H 1
#define HAVE_NETDB_H 1
#define HAVE_NETINET_IN_H 1
#define HAVE_PATHS_H 1
#define HAVE_SYS_IOCTL_H 1
#define HAVE_SYS_SOCKET_H 1
#define HAVE_UNISTD_H 1
#define HAVE__BOOL 1
#define HAVE_CLOCK_GETTIME 1
#define HAVE_INET_NTOA 1
#define HAVE_MEMSET 1
#define HAVE_MKDIR 1
#define HAVE_SETENV 1
#define HAVE_SOCKET 1
#define HAVE_STRERROR 1
#define HAVE_STRTOL 1

configure: exit 0
